<?xml version="1.0" encoding="UTF-8"?>
<!-- Generated by org.testng.reporters.JUnitXMLReporter -->
<testsuite hostname="sivareddy" name="Default test" tests="4" failures="0" timestamp="23 Jun 2020 14:17:40 GMT" time="37.558" errors="0">
  <testcase name="testIsTextPresent" time="26.69" classname="test.menlo.tech.MenloQuisitiveTest"/>
  <testcase name="testIsSolutionsDropDownPresent" time="0.741" classname="test.menlo.tech.MenloQuisitiveTest"/>
  <testcase name="testIsIndustriesDropDownPresent" time="0.286" classname="test.menlo.tech.MenloQuisitiveTest"/>
  <testcase name="testIsCompanyDropDownPresent" time="0.496" classname="test.menlo.tech.MenloQuisitiveTest"/>
</testsuite> <!-- Default test -->
